2021-05-06T13:52:46+00:00 CRITICAL Uncaught Error: Array callback has to contain indices 0 and 1 in C:\xampp\htdocs\wordpress\wp-content\themes\kc_mywardrobe\page-home.php:127
Stack trace:
#0 C:\xampp\htdocs\wordpress\wp-includes\template-loader.php(106): include()
#1 C:\xampp\htdocs\wordpress\wp-blog-header.php(19): require_once('C:\\xampp\\htdocs...')
#2 C:\xampp\htdocs\wordpress\index.php(17): require('C:\\xampp\\htdocs...')
#3 {main}
  thrown in C:\xampp\htdocs\wordpress\wp-content\themes\kc_mywardrobe\page-home.php alla riga 127

2021-05-06T13:53:17+00:00 CRITICAL Uncaught Error: Array callback has to contain indices 0 and 1 in C:\xampp\htdocs\wordpress\wp-content\themes\kc_mywardrobe\page-home.php:127
Stack trace:
#0 C:\xampp\htdocs\wordpress\wp-includes\template-loader.php(106): include()
#1 C:\xampp\htdocs\wordpress\wp-blog-header.php(19): require_once('C:\\xampp\\htdocs...')
#2 C:\xampp\htdocs\wordpress\index.php(17): require('C:\\xampp\\htdocs...')
#3 {main}
  thrown in C:\xampp\htdocs\wordpress\wp-content\themes\kc_mywardrobe\page-home.php alla riga 127

2021-05-06T13:55:31+00:00 CRITICAL Uncaught Error: Array callback has to contain indices 0 and 1 in C:\xampp\htdocs\wordpress\wp-content\themes\kc_mywardrobe\page-home.php:127
Stack trace:
#0 C:\xampp\htdocs\wordpress\wp-includes\template-loader.php(106): include()
#1 C:\xampp\htdocs\wordpress\wp-blog-header.php(19): require_once('C:\\xampp\\htdocs...')
#2 C:\xampp\htdocs\wordpress\index.php(17): require('C:\\xampp\\htdocs...')
#3 {main}
  thrown in C:\xampp\htdocs\wordpress\wp-content\themes\kc_mywardrobe\page-home.php alla riga 127

2021-05-06T13:55:50+00:00 CRITICAL Uncaught Error: Array callback has to contain indices 0 and 1 in C:\xampp\htdocs\wordpress\wp-content\themes\kc_mywardrobe\page-home.php:127
Stack trace:
#0 C:\xampp\htdocs\wordpress\wp-includes\template-loader.php(106): include()
#1 C:\xampp\htdocs\wordpress\wp-blog-header.php(19): require_once('C:\\xampp\\htdocs...')
#2 C:\xampp\htdocs\wordpress\index.php(17): require('C:\\xampp\\htdocs...')
#3 {main}
  thrown in C:\xampp\htdocs\wordpress\wp-content\themes\kc_mywardrobe\page-home.php alla riga 127

2021-05-06T13:59:40+00:00 CRITICAL Uncaught Error: Array callback has to contain indices 0 and 1 in C:\xampp\htdocs\wordpress\wp-content\themes\kc_mywardrobe\page-home.php:127
Stack trace:
#0 C:\xampp\htdocs\wordpress\wp-includes\template-loader.php(106): include()
#1 C:\xampp\htdocs\wordpress\wp-blog-header.php(19): require_once('C:\\xampp\\htdocs...')
#2 C:\xampp\htdocs\wordpress\index.php(17): require('C:\\xampp\\htdocs...')
#3 {main}
  thrown in C:\xampp\htdocs\wordpress\wp-content\themes\kc_mywardrobe\page-home.php alla riga 127

